[2024-09-27 17:19:38] Encryption operation started for file: test_files/input_Binary_Data.txt
[2024-09-27 17:19:38] Key length (in bits): 48
[2024-09-27 17:19:38] Initial LFSR state: 13579, Polynomial: 511, Size: 16, Key Length: 48
[2024-09-27 17:19:38] Generated key stream: 1 1 0 1 0 0 0 0 1 0 1 0 1 1 0 0 0 1 1 1 1 0 0 0 0 0 1 1 0 1 0 0 0 0 0 0 1 1 1 1 1 1 1 0 0 1 1 0
[2024-09-27 17:19:38] Byte: 222, Bit: 0, Key bit: 1, XOR result: 1
[2024-09-27 17:19:38] Byte: 222, Bit: 1, Key bit: 1, XOR result: 0
[2024-09-27 17:19:38] Byte: 222, Bit: 1, Key bit: 0, XOR result: 1
[2024-09-27 17:19:38] Byte: 222, Bit: 1, Key bit: 1, XOR result: 0
[2024-09-27 17:19:38] Byte: 222, Bit: 1, Key bit: 0, XOR result: 1
[2024-09-27 17:19:38] Byte: 222, Bit: 0, Key bit: 0, XOR result: 0
[2024-09-27 17:19:38] Byte: 222, Bit: 1, Key bit: 0, XOR result: 1
[2024-09-27 17:19:38] Byte: 222, Bit: 1, Key bit: 0, XOR result: 1
[2024-09-27 17:19:38] Original byte: 222, XOR byte: 213
[2024-09-27 17:19:38] Byte: 173, Bit: 1, Key bit: 1, XOR result: 0
[2024-09-27 17:19:38] Byte: 173, Bit: 0, Key bit: 0, XOR result: 0
[2024-09-27 17:19:38] Byte: 173, Bit: 1, Key bit: 1, XOR result: 0
[2024-09-27 17:19:38] Byte: 173, Bit: 1, Key bit: 0, XOR result: 1
[2024-09-27 17:19:38] Byte: 173, Bit: 0, Key bit: 1, XOR result: 1
[2024-09-27 17:19:38] Byte: 173, Bit: 1, Key bit: 1, XOR result: 0
[2024-09-27 17:19:38] Byte: 173, Bit: 0, Key bit: 0, XOR result: 0
[2024-09-27 17:19:38] Byte: 173, Bit: 1, Key bit: 0, XOR result: 1
[2024-09-27 17:19:38] Original byte: 173, XOR byte: 152
[2024-09-27 17:19:38] Byte: 190, Bit: 0, Key bit: 0, XOR result: 0
[2024-09-27 17:19:38] Byte: 190, Bit: 1, Key bit: 1, XOR result: 0
[2024-09-27 17:19:38] Byte: 190, Bit: 1, Key bit: 1, XOR result: 0
[2024-09-27 17:19:38] Byte: 190, Bit: 1, Key bit: 1, XOR result: 0
[2024-09-27 17:19:38] Byte: 190, Bit: 1, Key bit: 1, XOR result: 0
[2024-09-27 17:19:38] Byte: 190, Bit: 1, Key bit: 0, XOR result: 1
[2024-09-27 17:19:38] Byte: 190, Bit: 0, Key bit: 0, XOR result: 0
[2024-09-27 17:19:38] Byte: 190, Bit: 1, Key bit: 0, XOR result: 1
[2024-09-27 17:19:38] Original byte: 190, XOR byte: 160
[2024-09-27 17:19:38] Byte: 239, Bit: 1, Key bit: 0, XOR result: 1
[2024-09-27 17:19:38] Byte: 239, Bit: 1, Key bit: 0, XOR result: 1
[2024-09-27 17:19:38] Byte: 239, Bit: 1, Key bit: 1, XOR result: 0
[2024-09-27 17:19:38] Byte: 239, Bit: 1, Key bit: 1, XOR result: 0
[2024-09-27 17:19:38] Byte: 239, Bit: 0, Key bit: 0, XOR result: 0
[2024-09-27 17:19:38] Byte: 239, Bit: 1, Key bit: 1, XOR result: 0
[2024-09-27 17:19:38] Byte: 239, Bit: 1, Key bit: 0, XOR result: 1
[2024-09-27 17:19:38] Byte: 239, Bit: 1, Key bit: 0, XOR result: 1
[2024-09-27 17:19:38] Original byte: 239, XOR byte: 195
[2024-09-27 17:19:38] Byte: 202, Bit: 0, Key bit: 0, XOR result: 0
[2024-09-27 17:19:38] Byte: 202, Bit: 1, Key bit: 0, XOR result: 1
[2024-09-27 17:19:38] Byte: 202, Bit: 0, Key bit: 0, XOR result: 0
[2024-09-27 17:19:38] Byte: 202, Bit: 1, Key bit: 0, XOR result: 1
[2024-09-27 17:19:38] Byte: 202, Bit: 0, Key bit: 1, XOR result: 1
[2024-09-27 17:19:38] Byte: 202, Bit: 0, Key bit: 1, XOR result: 1
[2024-09-27 17:19:38] Byte: 202, Bit: 1, Key bit: 1, XOR result: 0
[2024-09-27 17:19:38] Byte: 202, Bit: 1, Key bit: 1, XOR result: 0
[2024-09-27 17:19:38] Original byte: 202, XOR byte: 58
[2024-09-27 17:19:38] Byte: 254, Bit: 0, Key bit: 1, XOR result: 1
[2024-09-27 17:19:38] Byte: 254, Bit: 1, Key bit: 1, XOR result: 0
[2024-09-27 17:19:38] Byte: 254, Bit: 1, Key bit: 1, XOR result: 0
[2024-09-27 17:19:38] Byte: 254, Bit: 1, Key bit: 0, XOR result: 1
[2024-09-27 17:19:38] Byte: 254, Bit: 1, Key bit: 0, XOR result: 1
[2024-09-27 17:19:38] Byte: 254, Bit: 1, Key bit: 1, XOR result: 0
[2024-09-27 17:19:38] Byte: 254, Bit: 1, Key bit: 1, XOR result: 0
[2024-09-27 17:19:38] Byte: 254, Bit: 1, Key bit: 0, XOR result: 1
[2024-09-27 17:19:38] Original byte: 254, XOR byte: 153
[2024-09-27 17:19:38] Encryption operation completed for file: test_files/input_Binary_Data.txt
[2024-09-27 17:19:38] Decryption operation started for file: test_files/encrypted_Binary_Data.enc
[2024-09-27 17:19:38] Key length (in bits): 48
[2024-09-27 17:19:38] Initial LFSR state: 13579, Polynomial: 511, Size: 16, Key Length: 48
[2024-09-27 17:19:38] Generated key stream: 1 1 0 1 0 0 0 0 1 0 1 0 1 1 0 0 0 1 1 1 1 0 0 0 0 0 1 1 0 1 0 0 0 0 0 0 1 1 1 1 1 1 1 0 0 1 1 0
[2024-09-27 17:19:38] Byte: 213, Bit: 1, Key bit: 1, XOR result: 0
[2024-09-27 17:19:38] Byte: 213, Bit: 0, Key bit: 1, XOR result: 1
[2024-09-27 17:19:38] Byte: 213, Bit: 1, Key bit: 0, XOR result: 1
[2024-09-27 17:19:38] Byte: 213, Bit: 0, Key bit: 1, XOR result: 1
[2024-09-27 17:19:38] Byte: 213, Bit: 1, Key bit: 0, XOR result: 1
[2024-09-27 17:19:38] Byte: 213, Bit: 0, Key bit: 0, XOR result: 0
[2024-09-27 17:19:38] Byte: 213, Bit: 1, Key bit: 0, XOR result: 1
[2024-09-27 17:19:38] Byte: 213, Bit: 1, Key bit: 0, XOR result: 1
[2024-09-27 17:19:38] Original byte: 213, XOR byte: 222
[2024-09-27 17:19:38] Byte: 152, Bit: 0, Key bit: 1, XOR result: 1
[2024-09-27 17:19:38] Byte: 152, Bit: 0, Key bit: 0, XOR result: 0
[2024-09-27 17:19:38] Byte: 152, Bit: 0, Key bit: 1, XOR result: 1
[2024-09-27 17:19:38] Byte: 152, Bit: 1, Key bit: 0, XOR result: 1
[2024-09-27 17:19:38] Byte: 152, Bit: 1, Key bit: 1, XOR result: 0
[2024-09-27 17:19:38] Byte: 152, Bit: 0, Key bit: 1, XOR result: 1
[2024-09-27 17:19:38] Byte: 152, Bit: 0, Key bit: 0, XOR result: 0
[2024-09-27 17:19:38] Byte: 152, Bit: 1, Key bit: 0, XOR result: 1
[2024-09-27 17:19:38] Original byte: 152, XOR byte: 173
[2024-09-27 17:19:38] Byte: 160, Bit: 0, Key bit: 0, XOR result: 0
[2024-09-27 17:19:38] Byte: 160, Bit: 0, Key bit: 1, XOR result: 1
[2024-09-27 17:19:38] Byte: 160, Bit: 0, Key bit: 1, XOR result: 1
[2024-09-27 17:19:38] Byte: 160, Bit: 0, Key bit: 1, XOR result: 1
[2024-09-27 17:19:38] Byte: 160, Bit: 0, Key bit: 1, XOR result: 1
[2024-09-27 17:19:38] Byte: 160, Bit: 1, Key bit: 0, XOR result: 1
[2024-09-27 17:19:38] Byte: 160, Bit: 0, Key bit: 0, XOR result: 0
[2024-09-27 17:19:38] Byte: 160, Bit: 1, Key bit: 0, XOR result: 1
[2024-09-27 17:19:38] Original byte: 160, XOR byte: 190
[2024-09-27 17:19:38] Byte: 195, Bit: 1, Key bit: 0, XOR result: 1
[2024-09-27 17:19:38] Byte: 195, Bit: 1, Key bit: 0, XOR result: 1
[2024-09-27 17:19:38] Byte: 195, Bit: 0, Key bit: 1, XOR result: 1
[2024-09-27 17:19:38] Byte: 195, Bit: 0, Key bit: 1, XOR result: 1
[2024-09-27 17:19:38] Byte: 195, Bit: 0, Key bit: 0, XOR result: 0
[2024-09-27 17:19:38] Byte: 195, Bit: 0, Key bit: 1, XOR result: 1
[2024-09-27 17:19:38] Byte: 195, Bit: 1, Key bit: 0, XOR result: 1
[2024-09-27 17:19:38] Byte: 195, Bit: 1, Key bit: 0, XOR result: 1
[2024-09-27 17:19:38] Original byte: 195, XOR byte: 239
[2024-09-27 17:19:38] Byte: 58, Bit: 0, Key bit: 0, XOR result: 0
[2024-09-27 17:19:38] Byte: 58, Bit: 1, Key bit: 0, XOR result: 1
[2024-09-27 17:19:38] Byte: 58, Bit: 0, Key bit: 0, XOR result: 0
[2024-09-27 17:19:38] Byte: 58, Bit: 1, Key bit: 0, XOR result: 1
[2024-09-27 17:19:38] Byte: 58, Bit: 1, Key bit: 1, XOR result: 0
[2024-09-27 17:19:38] Byte: 58, Bit: 1, Key bit: 1, XOR result: 0
[2024-09-27 17:19:38] Byte: 58, Bit: 0, Key bit: 1, XOR result: 1
[2024-09-27 17:19:38] Byte: 58, Bit: 0, Key bit: 1, XOR result: 1
[2024-09-27 17:19:38] Original byte: 58, XOR byte: 202
[2024-09-27 17:19:38] Byte: 153, Bit: 1, Key bit: 1, XOR result: 0
[2024-09-27 17:19:38] Byte: 153, Bit: 0, Key bit: 1, XOR result: 1
[2024-09-27 17:19:38] Byte: 153, Bit: 0, Key bit: 1, XOR result: 1
[2024-09-27 17:19:38] Byte: 153, Bit: 1, Key bit: 0, XOR result: 1
[2024-09-27 17:19:38] Byte: 153, Bit: 1, Key bit: 0, XOR result: 1
[2024-09-27 17:19:38] Byte: 153, Bit: 0, Key bit: 1, XOR result: 1
[2024-09-27 17:19:38] Byte: 153, Bit: 0, Key bit: 1, XOR result: 1
[2024-09-27 17:19:38] Byte: 153, Bit: 1, Key bit: 0, XOR result: 1
[2024-09-27 17:19:38] Original byte: 153, XOR byte: 254
[2024-09-27 17:19:38] Decryption operation completed for file: test_files/encrypted_Binary_Data.enc
[2024-09-27 17:19:38] Comparing files: test_files/input_Binary_Data.txt and test_files/decrypted_Binary_Data.txt
[2024-09-27 17:19:38] Files match: test_files/input_Binary_Data.txt and test_files/decrypted_Binary_Data.txt
